<?xml version="1.0" encoding="UTF-8"?>
<!-- Generated by org.testng.reporters.JUnitReportReporter -->
<testsuite hostname="DESKTOP-77Q4FU0" failures="0" tests="2" name="TestRunner.CucumberTestRunner" time="644.966" errors="0" timestamp="2025-07-10T10:26:43 IST" skipped="0">
  <testcase classname="TestRunner.CucumberTestRunner" name="runScenario" time="462.357"/>
  <testcase classname="TestRunner.CucumberTestRunner" name="runScenario" time="182.609"/>
</testsuite> <!-- TestRunner.CucumberTestRunner -->
