<?xml version="1.0" encoding="UTF-8"?>
<!-- Generated by org.testng.reporters.JUnitReportReporter -->
<testsuite hostname="DESKTOP-77Q4FU0" failures="0" tests="2" name="TestRunner.CucumberTestRunner" time="647.305" errors="0" timestamp="2025-07-04T10:17:09 IST" skipped="0">
  <testcase classname="TestRunner.CucumberTestRunner" name="runScenario" time="464.781"/>
  <testcase classname="TestRunner.CucumberTestRunner" name="runScenario" time="182.524"/>
</testsuite> <!-- TestRunner.CucumberTestRunner -->
