<?xml version="1.0" encoding="UTF-8"?>
<!-- Generated by org.testng.reporters.JUnitReportReporter -->
<testsuite hostname="DESKTOP-77Q4FU0" failures="0" tests="2" name="TestRunner.CucumberTestRunner" time="649.362" errors="0" timestamp="2025-07-07T10:19:56 IST" skipped="0">
  <testcase classname="TestRunner.CucumberTestRunner" name="runScenario" time="466.332"/>
  <testcase classname="TestRunner.CucumberTestRunner" name="runScenario" time="183.030"/>
</testsuite> <!-- TestRunner.CucumberTestRunner -->
